Performing C SOURCE FILE Test CMAKE_HAVE_LIBC_PTHREAD failed with the following output:
Change Dir: /home/pi/kosta_prac/tcp_multi_thread/CMakeFiles/CMakeTmp

Run Build Command(s):/usr/bin/gmake cmTC_0c9bf/fast && /usr/bin/gmake  -f CMakeFiles/cmTC_0c9bf.dir/build.make CMakeFiles/cmTC_0c9bf.dir/build
gmake[1]: 디렉터리 '/home/pi/kosta_prac/tcp_multi_thread/CMakeFiles/CMakeTmp' 들어감
Building C object CMakeFiles/cmTC_0c9bf.dir/src.c.o
/usr/bin/cc   -DCMAKE_HAVE_LIBC_PTHREAD -o CMakeFiles/cmTC_0c9bf.dir/src.c.o -c /home/pi/kosta_prac/tcp_multi_thread/CMakeFiles/CMakeTmp/src.c
Linking C executable cmTC_0c9bf
/usr/bin/cmake -E cmake_link_script CMakeFiles/cmTC_0c9bf.dir/link.txt --verbose=1
/usr/bin/cc  -DCMAKE_HAVE_LIBC_PTHREAD -rdynamic CMakeFiles/cmTC_0c9bf.dir/src.c.o -o cmTC_0c9bf 
/usr/bin/ld: CMakeFiles/cmTC_0c9bf.dir/src.c.o: in function `main':
src.c:(.text+0x40): undefined reference to `pthread_create'
/usr/bin/ld: src.c:(.text+0x4c): undefined reference to `pthread_detach'
/usr/bin/ld: src.c:(.text+0x58): undefined reference to `pthread_cancel'
/usr/bin/ld: src.c:(.text+0x68): undefined reference to `pthread_join'
collect2: error: ld returned 1 exit status
gmake[1]: *** [CMakeFiles/cmTC_0c9bf.dir/build.make:106: cmTC_0c9bf] 오류 1
gmake[1]: 디렉터리 '/home/pi/kosta_prac/tcp_multi_thread/CMakeFiles/CMakeTmp' 나감
gmake: *** [Makefile:140: cmTC_0c9bf/fast] 오류 2


Source file was:
#include <pthread.h>

void* test_func(void* data)
{
  return data;
}

int main(void)
{
  pthread_t thread;
  pthread_create(&thread, NULL, test_func, NULL);
  pthread_detach(thread);
  pthread_cancel(thread);
  pthread_join(thread, NULL);
  pthread_atfork(NULL, NULL, NULL);
  pthread_exit(NULL);

  return 0;
}

